[debug] [2021-04-03T13:30:23.400Z] ----------------------------------------------------------------------
[debug] [2021-04-03T13:30:23.402Z] Command:       /usr/local/bin/node /usr/local/bin/firebase deploy
[debug] [2021-04-03T13:30:23.403Z] CLI Version:   8.16.2
[debug] [2021-04-03T13:30:23.404Z] Platform:      darwin
[debug] [2021-04-03T13:30:23.404Z] Node Version:  v14.16.0
[debug] [2021-04-03T13:30:23.405Z] Time:          Sat Apr 03 2021 19:15:23 GMT+0545 (Nepal Time)
[debug] [2021-04-03T13:30:23.405Z] ----------------------------------------------------------------------
[debug] [2021-04-03T13:30:23.405Z] 
[debug] [2021-04-03T13:30:23.414Z] > command requires scopes: ["email","openid","https://www.googleapis.com/auth/cloudplatformprojects.readonly","https://www.googleapis.com/auth/firebase","https://www.googleapis.com/auth/cloud-platform"]
[debug] [2021-04-03T13:30:23.415Z] > authorizing via signed-in user
[debug] [2021-04-03T13:30:23.415Z] [iam] checking project ahdimarhone-a37b2 for permissions ["firebase.projects.get","firebasehosting.sites.update"]
[debug] [2021-04-03T13:30:23.419Z] >>> HTTP REQUEST POST https://cloudresourcemanager.googleapis.com/v1/projects/ahdimarhone-a37b2:testIamPermissions  
 {"permissions":["firebase.projects.get","firebasehosting.sites.update"]}
[debug] [2021-04-03T13:30:25.029Z] <<< HTTP RESPONSE 200 {"content-type":"application/json; charset=UTF-8","vary":"X-Origin, Referer, Origin,Accept-Encoding","date":"Sat, 03 Apr 2021 13:30:25 GMT","server":"ESF","cache-control":"private","x-xss-protection":"0","x-frame-options":"SAMEORIGIN","x-content-type-options":"nosniff","server-timing":"gfet4t7; dur=1209","alt-svc":"h3-29=\":443\"; ma=2592000,h3-T051=\":443\"; ma=2592000,h3-Q050=\":443\"; ma=2592000,h3-Q046=\":443\"; ma=2592000,h3-Q043=\":443\"; ma=2592000,quic=\":443\"; ma=2592000; v=\"46,43\"","accept-ranges":"none","transfer-encoding":"chunked"}
[debug] [2021-04-03T13:30:25.035Z] >>> HTTP REQUEST GET https://firebase.googleapis.com/v1beta1/projects/ahdimarhone-a37b2  
 
[debug] [2021-04-03T13:30:25.536Z] <<< HTTP RESPONSE 200 {"content-type":"application/json; charset=UTF-8","vary":"X-Origin, Referer, Origin,Accept-Encoding","date":"Sat, 03 Apr 2021 13:30:25 GMT","server":"ESF","cache-control":"private","x-xss-protection":"0","x-frame-options":"SAMEORIGIN","x-content-type-options":"nosniff","alt-svc":"h3-29=\":443\"; ma=2592000,h3-T051=\":443\"; ma=2592000,h3-Q050=\":443\"; ma=2592000,h3-Q046=\":443\"; ma=2592000,h3-Q043=\":443\"; ma=2592000,quic=\":443\"; ma=2592000; v=\"46,43\"","accept-ranges":"none","transfer-encoding":"chunked"}
[info] 
[info] === Deploying to 'ahdimarhone-a37b2'...
[info] 
[info] i  deploying hosting 
[debug] [2021-04-03T13:30:25.541Z] >>> HTTP REQUEST POST https://firebasehosting.googleapis.com/v1beta1/sites/ahdimarhone-a37b2/versions  
 {"config":{"rewrites":[{"glob":"**","path":"/index.html"}],"headers":[{"glob":"/service-worker.js","headers":{"Cache-Control":"no-cache"}}]},"labels":{"deployment-tool":"cli-firebase"}}
[debug] [2021-04-03T13:30:27.669Z] <<< HTTP RESPONSE 200 {"content-type":"application/json; charset=UTF-8","vary":"X-Origin, Referer, Origin,Accept-Encoding","date":"Sat, 03 Apr 2021 13:30:27 GMT","server":"ESF","cache-control":"private","x-xss-protection":"0","x-frame-options":"SAMEORIGIN","x-content-type-options":"nosniff","alt-svc":"h3-29=\":443\"; ma=2592000,h3-T051=\":443\"; ma=2592000,h3-Q050=\":443\"; ma=2592000,h3-Q046=\":443\"; ma=2592000,h3-Q043=\":443\"; ma=2592000,quic=\":443\"; ma=2592000; v=\"46,43\"","accept-ranges":"none","transfer-encoding":"chunked"}
[info] i  hosting[ahdimarhone-a37b2]: beginning deploy... 
[info] i  hosting[ahdimarhone-a37b2]: found 23 files in build 
[debug] [2021-04-03T13:30:28.345Z] [hosting] hash cache [YnVpbGQ] stored for 23 files
[debug] [2021-04-03T13:30:28.346Z] [hosting][hash queue][FINAL] {"max":650,"min":25,"avg":63.82608695652174,"active":0,"complete":23,"success":23,"errored":0,"retried":0,"total":23,"elapsed":663}
[debug] [2021-04-03T13:30:28.346Z] >>> HTTP REQUEST POST https://firebasehosting.googleapis.com/v1beta1/sites/ahdimarhone-a37b2/versions/b0469f51ff6e1d36:populateFiles  
 <request body omitted>
[debug] [2021-04-03T13:30:29.940Z] <<< HTTP RESPONSE 200 {"content-type":"application/json; charset=UTF-8","vary":"X-Origin, Referer, Origin,Accept-Encoding","date":"Sat, 03 Apr 2021 13:30:29 GMT","server":"ESF","cache-control":"private","x-xss-protection":"0","x-frame-options":"SAMEORIGIN","x-content-type-options":"nosniff","alt-svc":"h3-29=\":443\"; ma=2592000,h3-T051=\":443\"; ma=2592000,h3-Q050=\":443\"; ma=2592000,h3-Q046=\":443\"; ma=2592000,h3-Q043=\":443\"; ma=2592000,quic=\":443\"; ma=2592000; v=\"46,43\"","accept-ranges":"none","transfer-encoding":"chunked"}
[debug] [2021-04-03T13:30:29.943Z] [hosting][populate queue][FINAL] {"max":1598,"min":1598,"avg":1598,"active":0,"complete":1,"success":1,"errored":0,"retried":0,"total":1,"elapsed":1600}
[debug] [2021-04-03T13:30:29.944Z] [hosting] uploads queued: 4
[debug] [2021-04-03T13:30:33.277Z] [hosting][upload queue][FINAL] {"max":3336,"min":3134,"avg":3232.75,"active":0,"complete":4,"success":4,"errored":0,"retried":0,"total":4,"elapsed":3336}
[info] ✔  hosting[ahdimarhone-a37b2]: file upload complete 
[debug] [2021-04-03T13:30:33.278Z] [hosting] deploy completed after 5608ms
[debug] [2021-04-03T13:30:33.492Z] [
  {
    "config": {
      "public": "build",
      "ignore": [
        "firebase.json",
        "**/.*",
        "**/node_modules/**"
      ],
      "rewrites": [
        {
          "source": "**",
          "destination": "/index.html"
        }
      ],
      "headers": [
        {
          "source": "/service-worker.js",
          "headers": [
            {
              "key": "Cache-Control",
              "value": "no-cache"
            }
          ]
        }
      ],
      "site": "ahdimarhone-a37b2"
    },
    "site": "ahdimarhone-a37b2",
    "version": "sites/ahdimarhone-a37b2/versions/b0469f51ff6e1d36"
  }
]
[info] i  hosting[ahdimarhone-a37b2]: finalizing version... 
[debug] [2021-04-03T13:30:33.494Z] >>> HTTP REQUEST PATCH https://firebasehosting.googleapis.com/v1beta1/sites/ahdimarhone-a37b2/versions/b0469f51ff6e1d36?updateMask=status  
 {"status":"FINALIZED"}
